INFO:  latexindent version 3.15, 2022-01-21, a script to indent .tex files
       latexindent lives here: /usr/share/texlive/texmf-dist/scripts/latexindent/
       Tue May 21 15:57:20 2024
       Filename: /home/paltech/Thesis/Thesis_writing/Thesis_writing/Elements/Methodolog/Brief_description/Brief_description.tex
INFO:  Processing switches:
INFO:  Directory for backup files and indent.log: /home/paltech/Thesis/Thesis_writing/Thesis_writing/Elements/Methodolog/Brief_description
INFO:  YAML settings read: defaultSettings.yaml
       Reading defaultSettings.yaml from /usr/share/texlive/texmf-dist/scripts/latexindent/defaultSettings.yaml
INFO:  YAML settings read: indentconfig.yaml or .indentconfig.yaml
       Home directory is /home/paltech (didn't find either indentconfig.yaml or .indentconfig.yaml)
       To specify user settings you would put indentconfig.yaml here: /home/paltech/indentconfig.yaml
       Alternatively, you can use the hidden file .indentconfig.yaml as: /home/paltech/.indentconfig.yaml
INFO:  Phase 1: searching for objects
INFO:  Phase 2: finding surrounding indentation
INFO:  Phase 3: indenting objects
INFO:  Phase 4: final indentation check
INFO:  Output routine:
       Not outputting to file; see -w and -o switches for more options.
       --------------
INFO:  Please direct all communication/issues to:
        https://github.com/cmhughes/latexindent.pl
